DEPRECATION WARNING: [] is deprecated and will be removed from Rails 6.2 (Use configs_for) (called from migration_template at (erb):6)
DEPRECATION WARNING: [] is deprecated and will be removed from Rails 6.2 (Use configs_for) (called from migration_template at (erb):6)
DEPRECATION WARNING: [] is deprecated and will be removed from Rails 6.2 (Use configs_for) (called from <main> at /home/alan/proyecto/ruby/ruby_notes/bin/rails:5)
DEPRECATION WARNING: [] is deprecated and will be removed from Rails 6.2 (Use configs_for) (called from <main> at /home/alan/proyecto/ruby/ruby_notes/bin/rails:5)
DEPRECATION WARNING: [] is deprecated and will be removed from Rails 6.2 (Use configs_for) (called from <main> at /home/alan/proyecto/ruby/ruby_notes/bin/rails:5)
DEPRECATION WARNING: [] is deprecated and will be removed from Rails 6.2 (Use configs_for) (called from <main> at /home/alan/proyecto/ruby/ruby_notes/bin/rails:5)
DEPRECATION WARNING: [] is deprecated and will be removed from Rails 6.2 (Use configs_for) (called from <main> at /home/alan/proyecto/ruby/ruby_notes/bin/rails:5)
  [1m[35m (10.8ms)[0m  [1m[34mSELECT sqlite_version(*)[0m
  [1m[35m (13.0ms)[0m  [1m[35mCREATE TABLE "schema_migrations" ("version" varchar NOT NULL PRIMARY KEY)[0m
  [1m[35m (7.6ms)[0m  [1m[35mCREATE TABLE "ar_internal_metadata" ("key" varchar NOT NULL PRIMARY KEY, "value" varchar, "created_at" datetime(6) NOT NULL, "updated_at" datetime(6) NOT NULL)[0m
  [1m[35m (0.2ms)[0m  [1m[34mSELECT "schema_migrations"."version" FROM "schema_migrations" ORDER BY "schema_migrations"."version" ASC[0m
Migrating to DeviseCreateUsers (20210108001815)
  [1m[36mTRANSACTION (0.1ms)[0m  [1m[36mbegin transaction[0m
  [1m[35m (4.7ms)[0m  [1m[35mCREATE TABLE "users" ("id" integer PRIMARY KEY AUTOINCREMENT NOT NULL, "email" varchar DEFAULT '' NOT NULL, "encrypted_password" varchar DEFAULT '' NOT NULL, "reset_password_token" varchar, "reset_password_sent_at" datetime, "remember_created_at" datetime, "created_at" datetime(6) NOT NULL, "updated_at" datetime(6) NOT NULL)[0m
  [1m[35m (0.3ms)[0m  [1m[35mCREATE UNIQUE INDEX "index_users_on_email" ON "users" ("email")[0m
  [1m[35m (0.2ms)[0m  [1m[35mCREATE UNIQUE INDEX "index_users_on_reset_password_token" ON "users" ("reset_password_token")[0m
  [1m[36mActiveRecord::SchemaMigration Create (9.2ms)[0m  [1m[32mINSERT INTO "schema_migrations" ("version") VALUES (?)[0m  [["version", "20210108001815"]]
  [1m[36mTRANSACTION (14.4ms)[0m  [1m[36mcommit transaction[0m
  [1m[36mActiveRecord::InternalMetadata Load (0.2ms)[0m  [1m[34mSELECT "ar_internal_metadata".* FROM "ar_internal_metadata" WHERE "ar_internal_metadata"."key" = ? LIMIT ?[0m  [["key", "environment"], ["LIMIT", 1]]
  [1m[36mTRANSACTION (0.1ms)[0m  [1m[36mbegin transaction[0m
  [1m[36mActiveRecord::InternalMetadata Create (3.1ms)[0m  [1m[32mINSERT INTO "ar_internal_metadata" ("key", "value", "created_at", "updated_at") VALUES (?, ?, ?, ?)[0m  [["key", "environment"], ["value", "development"], ["created_at", "2021-01-08 00:18:27.778444"], ["updated_at", "2021-01-08 00:18:27.778444"]]
  [1m[36mTRANSACTION (8.8ms)[0m  [1m[36mcommit transaction[0m
  [1m[35m (0.1ms)[0m  [1m[34mSELECT sqlite_version(*)[0m
  [1m[35m (0.2ms)[0m  [1m[34mSELECT "schema_migrations"."version" FROM "schema_migrations" ORDER BY "schema_migrations"."version" ASC[0m
Started GET "/" for 127.0.0.1 at 2021-01-07 21:18:39 -0300
  [1m[35m (0.8ms)[0m  [1m[34mSELECT sqlite_version(*)[0m
  [1m[35m (0.2ms)[0m  [1m[34mSELECT "schema_migrations"."version" FROM "schema_migrations" ORDER BY "schema_migrations"."version" ASC[0m
  
ActionController::RoutingError (uninitialized constant HomeController):
  
Started GET "/" for 127.0.0.1 at 2021-01-07 21:19:38 -0300
  [1m[35m (0.5ms)[0m  [1m[34mSELECT sqlite_version(*)[0m
  [1m[35m (0.2ms)[0m  [1m[34mSELECT "schema_migrations"."version" FROM "schema_migrations" ORDER BY "schema_migrations"."version" ASC[0m
Processing by HomeController#index as HTML
  Rendering layout layouts/application.html.erb
  Rendering home/index.html.erb within layouts/application
  Rendered home/index.html.erb within layouts/application (Duration: 0.6ms | Allocations: 219)
[Webpacker] Compiling...
Started GET "/" for 127.0.0.1 at 2021-01-07 21:19:50 -0300
Processing by HomeController#index as HTML
  Rendering layout layouts/application.html.erb
  Rendering home/index.html.erb within layouts/application
  Rendered home/index.html.erb within layouts/application (Duration: 0.1ms | Allocations: 37)
[Webpacker] Compiling...
Started GET "/" for 127.0.0.1 at 2021-01-07 21:19:52 -0300
Processing by HomeController#index as HTML
  Rendering layout layouts/application.html.erb
  Rendering home/index.html.erb within layouts/application
  Rendered home/index.html.erb within layouts/application (Duration: 0.1ms | Allocations: 37)
[Webpacker] Compiling...
[Webpacker] Compiled all packs in /home/alan/proyecto/ruby/ruby_notes/public/packs
[Webpacker] Hash: 415a948d492e21802f43
Version: webpack 4.44.2
Time: 15736ms
Built at: 01/07/2021 9:20:05 PM
                                     Asset       Size       Chunks                         Chunk Names
    js/application-d5a3c3b4dce84b5eb605.js    125 KiB  application  [emitted] [immutable]  application
js/application-d5a3c3b4dce84b5eb605.js.map    139 KiB  application  [emitted] [dev]        application
                             manifest.json  364 bytes               [emitted]              
Entrypoint application = js/application-d5a3c3b4dce84b5eb605.js js/application-d5a3c3b4dce84b5eb605.js.map
[./app/javascript/channels sync recursive _channel\.js$] ./app/javascript/channels sync _channel\.js$ 160 bytes {application} [built]
[./app/javascript/channels/index.js] 211 bytes {application} [built]
[./app/javascript/packs/application.js] 492 bytes {application} [built]
[./node_modules/webpack/buildin/module.js] (webpack)/buildin/module.js 552 bytes {application} [built]
    + 3 hidden modules

  Rendered layout layouts/application.html.erb (Duration: 27520.2ms | Allocations: 32289)
Completed 200 OK in 27644ms (Views: 27599.2ms | ActiveRecord: 0.0ms | Allocations: 38066)


[Webpacker] Compiled all packs in /home/alan/proyecto/ruby/ruby_notes/public/packs
[Webpacker] Hash: 415a948d492e21802f43
Version: webpack 4.44.2
Time: 6644ms
Built at: 01/07/2021 9:20:11 PM
                                     Asset       Size       Chunks                         Chunk Names
    js/application-d5a3c3b4dce84b5eb605.js    125 KiB  application  [emitted] [immutable]  application
js/application-d5a3c3b4dce84b5eb605.js.map    139 KiB  application  [emitted] [dev]        application
                             manifest.json  364 bytes               [emitted]              
Entrypoint application = js/application-d5a3c3b4dce84b5eb605.js js/application-d5a3c3b4dce84b5eb605.js.map
[./app/javascript/channels sync recursive _channel\.js$] ./app/javascript/channels sync _channel\.js$ 160 bytes {application} [built]
[./app/javascript/channels/index.js] 211 bytes {application} [built]
[./app/javascript/packs/application.js] 492 bytes {application} [built]
[./node_modules/webpack/buildin/module.js] (webpack)/buildin/module.js 552 bytes {application} [built]
    + 3 hidden modules

  Rendered layout layouts/application.html.erb (Duration: 21439.6ms | Allocations: 13764)
Completed 200 OK in 21468ms (Views: 21465.1ms | ActiveRecord: 0.0ms | Allocations: 16797)


[Webpacker] Compiled all packs in /home/alan/proyecto/ruby/ruby_notes/public/packs
[Webpacker] Hash: 415a948d492e21802f43
Version: webpack 4.44.2
Time: 5869ms
Built at: 01/07/2021 9:20:11 PM
                                     Asset       Size       Chunks                         Chunk Names
    js/application-d5a3c3b4dce84b5eb605.js    125 KiB  application  [emitted] [immutable]  application
js/application-d5a3c3b4dce84b5eb605.js.map    139 KiB  application  [emitted] [dev]        application
                             manifest.json  364 bytes               [emitted]              
Entrypoint application = js/application-d5a3c3b4dce84b5eb605.js js/application-d5a3c3b4dce84b5eb605.js.map
[./app/javascript/channels sync recursive _channel\.js$] ./app/javascript/channels sync _channel\.js$ 160 bytes {application} [built]
[./app/javascript/channels/index.js] 211 bytes {application} [built]
[./app/javascript/packs/application.js] 492 bytes {application} [built]
[./node_modules/webpack/buildin/module.js] (webpack)/buildin/module.js 552 bytes {application} [built]
    + 3 hidden modules

  Rendered layout layouts/application.html.erb (Duration: 19113.2ms | Allocations: 8627)
Completed 200 OK in 19155ms (Views: 19130.8ms | ActiveRecord: 0.0ms | Allocations: 11659)


Started GET "/" for 127.0.0.1 at 2021-01-07 21:20:17 -0300
Processing by HomeController#index as HTML
  Rendering layout layouts/application.html.erb
  Rendering home/index.html.erb within layouts/application
  Rendered home/index.html.erb within layouts/application (Duration: 0.2ms | Allocations: 37)
[Webpacker] Everything's up-to-date. Nothing to do
  Rendered layout layouts/application.html.erb (Duration: 13.4ms | Allocations: 2978)
Completed 200 OK in 21ms (Views: 14.0ms | ActiveRecord: 0.0ms | Allocations: 6011)


Started GET "/" for 127.0.0.1 at 2021-01-07 21:21:29 -0300
Processing by HomeController#index as HTML
  Rendering layout layouts/application.html.erb
  Rendering home/index.html.erb within layouts/application
  Rendered home/index.html.erb within layouts/application (Duration: 22.1ms | Allocations: 320)
[Webpacker] Everything's up-to-date. Nothing to do
  Rendered layout layouts/application.html.erb (Duration: 41.7ms | Allocations: 3512)
Completed 200 OK in 69ms (Views: 67.7ms | ActiveRecord: 0.0ms | Allocations: 4704)


Started GET "/users/sign_in" for 127.0.0.1 at 2021-01-07 21:21:32 -0300
Processing by Devise::SessionsController#new as HTML
  Rendering layout layouts/application.html.erb
  Rendering /home/alan/.rbenv/versions/2.7.1/lib/ruby/gems/2.7.0/gems/devise-4.7.3/app/views/devise/sessions/new.html.erb within layouts/application
  Rendered /home/alan/.rbenv/versions/2.7.1/lib/ruby/gems/2.7.0/gems/devise-4.7.3/app/views/devise/shared/_links.html.erb (Duration: 2.2ms | Allocations: 613)
  Rendered /home/alan/.rbenv/versions/2.7.1/lib/ruby/gems/2.7.0/gems/devise-4.7.3/app/views/devise/sessions/new.html.erb within layouts/application (Duration: 365.5ms | Allocations: 7530)
[Webpacker] Everything's up-to-date. Nothing to do
  Rendered layout layouts/application.html.erb (Duration: 370.7ms | Allocations: 10493)
Completed 200 OK in 442ms (Views: 376.0ms | ActiveRecord: 38.1ms | Allocations: 17055)


Started GET "/users/sign_up" for 127.0.0.1 at 2021-01-07 21:21:36 -0300
Processing by Devise::RegistrationsController#new as HTML
  Rendering layout layouts/application.html.erb
  Rendering /home/alan/.rbenv/versions/2.7.1/lib/ruby/gems/2.7.0/gems/devise-4.7.3/app/views/devise/registrations/new.html.erb within layouts/application
  Rendered /home/alan/.rbenv/versions/2.7.1/lib/ruby/gems/2.7.0/gems/devise-4.7.3/app/views/devise/shared/_error_messages.html.erb (Duration: 1.7ms | Allocations: 228)
  Rendered /home/alan/.rbenv/versions/2.7.1/lib/ruby/gems/2.7.0/gems/devise-4.7.3/app/views/devise/shared/_links.html.erb (Duration: 0.5ms | Allocations: 147)
  Rendered /home/alan/.rbenv/versions/2.7.1/lib/ruby/gems/2.7.0/gems/devise-4.7.3/app/views/devise/registrations/new.html.erb within layouts/application (Duration: 25.2ms | Allocations: 1882)
[Webpacker] Everything's up-to-date. Nothing to do
  Rendered layout layouts/application.html.erb (Duration: 32.7ms | Allocations: 4843)
Completed 200 OK in 39ms (Views: 37.7ms | ActiveRecord: 0.0ms | Allocations: 6111)


Started POST "/users" for 127.0.0.1 at 2021-01-07 21:21:46 -0300
Processing by Devise::RegistrationsController#create as HTML
  Parameters: {"authenticity_token"=>"[FILTERED]", "user"=>{"email"=>"alanbisbal@gmail.com", "password"=>"[FILTERED]", "password_confirmation"=>"[FILTERED]"}, "commit"=>"Sign up"}
  [1m[36mTRANSACTION (0.1ms)[0m  [1m[36mbegin transaction[0m
  [1m[36mUser Exists? (16.4ms)[0m  [1m[34mSELECT 1 AS one FROM "users" WHERE "users"."email" = ? LIMIT ?[0m  [["email", "alanbisbal@gmail.com"], ["LIMIT", 1]]
  [1m[36mUser Create (7.7ms)[0m  [1m[32mINSERT INTO "users" ("email", "encrypted_password", "created_at", "updated_at") VALUES (?, ?, ?, ?)[0m  [["email", "alanbisbal@gmail.com"], ["encrypted_password", "$2a$12$EbZZnoBSeq3HYXgWpDc2vOrbYmXakCqtJ4ielaoDX.LN0tUfqg7DG"], ["created_at", "2021-01-08 00:21:47.114459"], ["updated_at", "2021-01-08 00:21:47.114459"]]
  [1m[36mTRANSACTION (64.6ms)[0m  [1m[36mcommit transaction[0m
Redirected to http://127.0.0.1:3000/
Completed 302 Found in 706ms (ActiveRecord: 88.8ms | Allocations: 11014)


Started GET "/" for 127.0.0.1 at 2021-01-07 21:21:47 -0300
Processing by HomeController#index as HTML
  Rendering layout layouts/application.html.erb
  Rendering home/index.html.erb within layouts/application
  [1m[36mUser Load (0.2ms)[0m  [1m[34mSELECT "users".* FROM "users" WHERE "users"."id" = ? ORDER BY "users"."id" ASC LIMIT ?[0m  [["id", 1], ["LIMIT", 1]]
  ↳ app/views/home/index.html.erb:3
  Rendered home/index.html.erb within layouts/application (Duration: 4.5ms | Allocations: 1032)
[Webpacker] Everything's up-to-date. Nothing to do
  Rendered layout layouts/application.html.erb (Duration: 10.6ms | Allocations: 4022)
Completed 200 OK in 13ms (Views: 11.2ms | ActiveRecord: 0.2ms | Allocations: 4413)


Started GET "/" for 127.0.0.1 at 2021-01-07 21:22:00 -0300
Processing by HomeController#index as HTML
  Rendering layout layouts/application.html.erb
  Rendering home/index.html.erb within layouts/application
  [1m[36mUser Load (0.1ms)[0m  [1m[34mSELECT "users".* FROM "users" WHERE "users"."id" = ? ORDER BY "users"."id" ASC LIMIT ?[0m  [["id", 1], ["LIMIT", 1]]
  ↳ app/views/home/index.html.erb:1
  Rendered home/index.html.erb within layouts/application (Duration: 6.7ms | Allocations: 1104)
[Webpacker] Everything's up-to-date. Nothing to do
  Rendered layout layouts/application.html.erb (Duration: 13.8ms | Allocations: 4299)
Completed 200 OK in 21ms (Views: 19.5ms | ActiveRecord: 0.1ms | Allocations: 5490)


Started GET "/users/sign_up" for 127.0.0.1 at 2021-01-07 21:22:22 -0300
Processing by Devise::RegistrationsController#new as HTML
  Rendering layout layouts/application.html.erb
  Rendering /home/alan/.rbenv/versions/2.7.1/lib/ruby/gems/2.7.0/gems/devise-4.7.3/app/views/devise/registrations/new.html.erb within layouts/application
  Rendered /home/alan/.rbenv/versions/2.7.1/lib/ruby/gems/2.7.0/gems/devise-4.7.3/app/views/devise/shared/_error_messages.html.erb (Duration: 4.9ms | Allocations: 221)
  Rendered /home/alan/.rbenv/versions/2.7.1/lib/ruby/gems/2.7.0/gems/devise-4.7.3/app/views/devise/shared/_links.html.erb (Duration: 10.3ms | Allocations: 487)
  Rendered /home/alan/.rbenv/versions/2.7.1/lib/ruby/gems/2.7.0/gems/devise-4.7.3/app/views/devise/registrations/new.html.erb within layouts/application (Duration: 20.0ms | Allocations: 2370)
[Webpacker] Everything's up-to-date. Nothing to do
  Rendered layout layouts/application.html.erb (Duration: 30.6ms | Allocations: 5382)
Completed 200 OK in 42ms (Views: 40.1ms | ActiveRecord: 0.0ms | Allocations: 6904)


Started GET "/" for 127.0.0.1 at 2021-01-07 21:22:31 -0300
Processing by HomeController#index as HTML
  Rendering layout layouts/application.html.erb
  Rendering home/index.html.erb within layouts/application
  [1m[36mUser Load (0.2ms)[0m  [1m[34mSELECT "users".* FROM "users" WHERE "users"."id" = ? ORDER BY "users"."id" ASC LIMIT ?[0m  [["id", 1], ["LIMIT", 1]]
  ↳ app/views/home/index.html.erb:3
  Rendered home/index.html.erb within layouts/application (Duration: 8.6ms | Allocations: 1110)
[Webpacker] Everything's up-to-date. Nothing to do
  Rendered layout layouts/application.html.erb (Duration: 35.2ms | Allocations: 4300)
Completed 200 OK in 45ms (Views: 42.0ms | ActiveRecord: 0.2ms | Allocations: 5491)


Started GET "/" for 127.0.0.1 at 2021-01-07 21:22:44 -0300
Processing by HomeController#index as HTML
  Rendering layout layouts/application.html.erb
  Rendering home/index.html.erb within layouts/application
  [1m[36mUser Load (0.1ms)[0m  [1m[34mSELECT "users".* FROM "users" WHERE "users"."id" = ? ORDER BY "users"."id" ASC LIMIT ?[0m  [["id", 1], ["LIMIT", 1]]
  ↳ app/views/home/index.html.erb:3
  Rendered home/index.html.erb within layouts/application (Duration: 5.6ms | Allocations: 1084)
[Webpacker] Everything's up-to-date. Nothing to do
  Rendered layout layouts/application.html.erb (Duration: 11.8ms | Allocations: 4269)
Completed 200 OK in 17ms (Views: 15.5ms | ActiveRecord: 0.1ms | Allocations: 5449)


Started DELETE "/users/sign_out" for 127.0.0.1 at 2021-01-07 21:22:48 -0300
Processing by Devise::SessionsController#destroy as HTML
  Parameters: {"authenticity_token"=>"[FILTERED]"}
  [1m[36mUser Load (0.1ms)[0m  [1m[34mSELECT "users".* FROM "users" WHERE "users"."id" = ? ORDER BY "users"."id" ASC LIMIT ?[0m  [["id", 1], ["LIMIT", 1]]
Redirected to http://127.0.0.1:3000/
Completed 302 Found in 329ms (ActiveRecord: 0.1ms | Allocations: 4248)


Started GET "/" for 127.0.0.1 at 2021-01-07 21:22:48 -0300
Processing by HomeController#index as HTML
  Rendering layout layouts/application.html.erb
  Rendering home/index.html.erb within layouts/application
  Rendered home/index.html.erb within layouts/application (Duration: 0.5ms | Allocations: 136)
[Webpacker] Everything's up-to-date. Nothing to do
  Rendered layout layouts/application.html.erb (Duration: 19.9ms | Allocations: 3123)
Completed 200 OK in 26ms (Views: 24.9ms | ActiveRecord: 0.0ms | Allocations: 3508)


Started GET "/" for 127.0.0.1 at 2021-01-07 21:23:14 -0300
Processing by HomeController#index as HTML
  Rendering layout layouts/application.html.erb
  Rendering home/index.html.erb within layouts/application
  Rendered home/index.html.erb within layouts/application (Duration: 0.9ms | Allocations: 284)
[Webpacker] Everything's up-to-date. Nothing to do
  Rendered layout layouts/application.html.erb (Duration: 15.1ms | Allocations: 3468)
Completed 200 OK in 24ms (Views: 21.1ms | ActiveRecord: 0.0ms | Allocations: 4644)


Started GET "/" for 127.0.0.1 at 2021-01-07 21:23:19 -0300
Processing by HomeController#index as HTML
  Rendering layout layouts/application.html.erb
  Rendering home/index.html.erb within layouts/application
  Rendered home/index.html.erb within layouts/application (Duration: 1.1ms | Allocations: 286)
[Webpacker] Everything's up-to-date. Nothing to do
  Rendered layout layouts/application.html.erb (Duration: 21.7ms | Allocations: 3481)
Completed 200 OK in 39ms (Views: 25.6ms | ActiveRecord: 0.0ms | Allocations: 4665)


Started GET "/" for 127.0.0.1 at 2021-01-07 21:23:28 -0300
Processing by HomeController#index as HTML
  Rendering layout layouts/application.html.erb
  Rendering home/index.html.erb within layouts/application
  Rendered home/index.html.erb within layouts/application (Duration: 1.1ms | Allocations: 287)
[Webpacker] Everything's up-to-date. Nothing to do
  Rendered layout layouts/application.html.erb (Duration: 13.5ms | Allocations: 3482)
Completed 200 OK in 22ms (Views: 20.7ms | ActiveRecord: 0.0ms | Allocations: 4667)


Started GET "/" for 127.0.0.1 at 2021-01-07 21:23:43 -0300
Processing by HomeController#index as HTML
  Rendering layout layouts/application.html.erb
  Rendering home/index.html.erb within layouts/application
  Rendered home/index.html.erb within layouts/application (Duration: 3.5ms | Allocations: 287)
[Webpacker] Everything's up-to-date. Nothing to do
  Rendered layout layouts/application.html.erb (Duration: 9.7ms | Allocations: 3480)
Completed 200 OK in 18ms (Views: 16.7ms | ActiveRecord: 0.0ms | Allocations: 4656)


Started GET "/" for 127.0.0.1 at 2021-01-07 21:23:51 -0300
Processing by HomeController#index as HTML
  Rendering layout layouts/application.html.erb
  Rendering home/index.html.erb within layouts/application
  Rendered home/index.html.erb within layouts/application (Duration: 4.2ms | Allocations: 285)
[Webpacker] Everything's up-to-date. Nothing to do
  Rendered layout layouts/application.html.erb (Duration: 24.6ms | Allocations: 3469)
Completed 200 OK in 37ms (Views: 35.1ms | ActiveRecord: 0.0ms | Allocations: 4645)


Started GET "/" for 127.0.0.1 at 2021-01-07 21:24:33 -0300
Processing by HomeController#index as HTML
  Rendering layout layouts/application.html.erb
  Rendering home/index.html.erb within layouts/application
  Rendered home/index.html.erb within layouts/application (Duration: 1.0ms | Allocations: 321)
[Webpacker] Everything's up-to-date. Nothing to do
  Rendered layout layouts/application.html.erb (Duration: 21.6ms | Allocations: 3514)
Completed 200 OK in 31ms (Views: 30.2ms | ActiveRecord: 0.0ms | Allocations: 4698)


Started GET "/users/sign_up" for 127.0.0.1 at 2021-01-07 21:24:35 -0300
Processing by Devise::RegistrationsController#new as HTML
  Rendering layout layouts/application.html.erb
  Rendering /home/alan/.rbenv/versions/2.7.1/lib/ruby/gems/2.7.0/gems/devise-4.7.3/app/views/devise/registrations/new.html.erb within layouts/application
  Rendered /home/alan/.rbenv/versions/2.7.1/lib/ruby/gems/2.7.0/gems/devise-4.7.3/app/views/devise/shared/_error_messages.html.erb (Duration: 3.4ms | Allocations: 221)
  Rendered /home/alan/.rbenv/versions/2.7.1/lib/ruby/gems/2.7.0/gems/devise-4.7.3/app/views/devise/shared/_links.html.erb (Duration: 7.6ms | Allocations: 487)
  Rendered /home/alan/.rbenv/versions/2.7.1/lib/ruby/gems/2.7.0/gems/devise-4.7.3/app/views/devise/registrations/new.html.erb within layouts/application (Duration: 19.1ms | Allocations: 2358)
[Webpacker] Everything's up-to-date. Nothing to do
  Rendered layout layouts/application.html.erb (Duration: 31.9ms | Allocations: 5361)
Completed 200 OK in 45ms (Views: 42.0ms | ActiveRecord: 0.0ms | Allocations: 6938)


Started POST "/users" for 127.0.0.1 at 2021-01-07 21:24:41 -0300
Processing by Devise::RegistrationsController#create as HTML
  Parameters: {"authenticity_token"=>"[FILTERED]", "user"=>{"email"=>"alanbisbal@gmail.com", "password"=>"[FILTERED]", "password_confirmation"=>"[FILTERED]"}, "commit"=>"Sign up"}
  [1m[36mTRANSACTION (0.1ms)[0m  [1m[36mbegin transaction[0m
  [1m[36mUser Exists? (0.2ms)[0m  [1m[34mSELECT 1 AS one FROM "users" WHERE "users"."email" = ? LIMIT ?[0m  [["email", "alanbisbal@gmail.com"], ["LIMIT", 1]]
  [1m[36mTRANSACTION (10.1ms)[0m  [1m[31mrollback transaction[0m
  Rendering layout layouts/application.html.erb
  Rendering /home/alan/.rbenv/versions/2.7.1/lib/ruby/gems/2.7.0/gems/devise-4.7.3/app/views/devise/registrations/new.html.erb within layouts/application
  Rendered /home/alan/.rbenv/versions/2.7.1/lib/ruby/gems/2.7.0/gems/devise-4.7.3/app/views/devise/shared/_error_messages.html.erb (Duration: 2.4ms | Allocations: 575)
  Rendered /home/alan/.rbenv/versions/2.7.1/lib/ruby/gems/2.7.0/gems/devise-4.7.3/app/views/devise/shared/_links.html.erb (Duration: 0.4ms | Allocations: 109)
  Rendered /home/alan/.rbenv/versions/2.7.1/lib/ruby/gems/2.7.0/gems/devise-4.7.3/app/views/devise/registrations/new.html.erb within layouts/application (Duration: 7.3ms | Allocations: 2120)
[Webpacker] Everything's up-to-date. Nothing to do
  Rendered layout layouts/application.html.erb (Duration: 21.9ms | Allocations: 5057)
Completed 200 OK in 446ms (Views: 26.4ms | ActiveRecord: 10.4ms | Allocations: 10945)


Started GET "/users/sign_in" for 127.0.0.1 at 2021-01-07 21:24:46 -0300
Processing by Devise::SessionsController#new as HTML
  Rendering layout layouts/application.html.erb
  Rendering /home/alan/.rbenv/versions/2.7.1/lib/ruby/gems/2.7.0/gems/devise-4.7.3/app/views/devise/sessions/new.html.erb within layouts/application
  Rendered /home/alan/.rbenv/versions/2.7.1/lib/ruby/gems/2.7.0/gems/devise-4.7.3/app/views/devise/shared/_links.html.erb (Duration: 0.3ms | Allocations: 156)
  Rendered /home/alan/.rbenv/versions/2.7.1/lib/ruby/gems/2.7.0/gems/devise-4.7.3/app/views/devise/sessions/new.html.erb within layouts/application (Duration: 100.7ms | Allocations: 1296)
[Webpacker] Everything's up-to-date. Nothing to do
  Rendered layout layouts/application.html.erb (Duration: 114.6ms | Allocations: 4297)
Completed 200 OK in 122ms (Views: 120.8ms | ActiveRecord: 0.0ms | Allocations: 5535)


Started POST "/users/sign_in" for 127.0.0.1 at 2021-01-07 21:24:50 -0300
Processing by Devise::SessionsController#create as HTML
  Parameters: {"authenticity_token"=>"[FILTERED]", "user"=>{"email"=>"alanbisbal@gmail.com", "password"=>"[FILTERED]", "remember_me"=>"1"}, "commit"=>"Log in"}
  [1m[36mUser Load (0.3ms)[0m  [1m[34mSELECT "users".* FROM "users" WHERE "users"."email" = ? ORDER BY "users"."id" ASC LIMIT ?[0m  [["email", "alanbisbal@gmail.com"], ["LIMIT", 1]]
  [1m[36mTRANSACTION (0.1ms)[0m  [1m[36mbegin transaction[0m
  [1m[36mUser Update (9.7ms)[0m  [1m[33mUPDATE "users" SET "remember_created_at" = ?, "updated_at" = ? WHERE "users"."id" = ?[0m  [["remember_created_at", "2021-01-08 00:24:51.216158"], ["updated_at", "2021-01-08 00:24:51.216430"], ["id", 1]]
  [1m[36mTRANSACTION (18.4ms)[0m  [1m[36mcommit transaction[0m
Redirected to http://127.0.0.1:3000/
Completed 302 Found in 606ms (ActiveRecord: 28.5ms | Allocations: 10660)


Started GET "/" for 127.0.0.1 at 2021-01-07 21:24:51 -0300
Processing by HomeController#index as HTML
  Rendering layout layouts/application.html.erb
  Rendering home/index.html.erb within layouts/application
  [1m[36mUser Load (0.1ms)[0m  [1m[34mSELECT "users".* FROM "users" WHERE "users"."id" = ? ORDER BY "users"."id" ASC LIMIT ?[0m  [["id", 1], ["LIMIT", 1]]
  ↳ app/views/home/index.html.erb:3
  Rendered home/index.html.erb within layouts/application (Duration: 4.2ms | Allocations: 939)
[Webpacker] Everything's up-to-date. Nothing to do
  Rendered layout layouts/application.html.erb (Duration: 10.0ms | Allocations: 3941)
Completed 200 OK in 12ms (Views: 11.2ms | ActiveRecord: 0.1ms | Allocations: 4332)


Started DELETE "/users/sign_out" for 127.0.0.1 at 2021-01-07 21:24:54 -0300
Processing by Devise::SessionsController#destroy as HTML
  Parameters: {"authenticity_token"=>"[FILTERED]"}
  [1m[36mUser Load (0.1ms)[0m  [1m[34mSELECT "users".* FROM "users" WHERE "users"."id" = ? ORDER BY "users"."id" ASC LIMIT ?[0m  [["id", 1], ["LIMIT", 1]]
  [1m[36mTRANSACTION (0.2ms)[0m  [1m[36mbegin transaction[0m
  [1m[36mUser Update (12.2ms)[0m  [1m[33mUPDATE "users" SET "remember_created_at" = ?, "updated_at" = ? WHERE "users"."id" = ?[0m  [["remember_created_at", nil], ["updated_at", "2021-01-08 00:24:54.810757"], ["id", 1]]
  [1m[36mTRANSACTION (27.3ms)[0m  [1m[36mcommit transaction[0m
Redirected to http://127.0.0.1:3000/
Completed 302 Found in 81ms (ActiveRecord: 39.9ms | Allocations: 6905)


Started GET "/" for 127.0.0.1 at 2021-01-07 21:24:54 -0300
Processing by HomeController#index as HTML
  Rendering layout layouts/application.html.erb
  Rendering home/index.html.erb within layouts/application
  Rendered home/index.html.erb within layouts/application (Duration: 0.5ms | Allocations: 149)
[Webpacker] Everything's up-to-date. Nothing to do
  Rendered layout layouts/application.html.erb (Duration: 9.7ms | Allocations: 3145)
Completed 200 OK in 12ms (Views: 10.7ms | ActiveRecord: 0.0ms | Allocations: 3528)


Started GET "/users/sign_in" for 127.0.0.1 at 2021-01-07 21:24:56 -0300
Processing by Devise::SessionsController#new as HTML
  Rendering layout layouts/application.html.erb
  Rendering /home/alan/.rbenv/versions/2.7.1/lib/ruby/gems/2.7.0/gems/devise-4.7.3/app/views/devise/sessions/new.html.erb within layouts/application
  Rendered /home/alan/.rbenv/versions/2.7.1/lib/ruby/gems/2.7.0/gems/devise-4.7.3/app/views/devise/shared/_links.html.erb (Duration: 5.4ms | Allocations: 156)
  Rendered /home/alan/.rbenv/versions/2.7.1/lib/ruby/gems/2.7.0/gems/devise-4.7.3/app/views/devise/sessions/new.html.erb within layouts/application (Duration: 11.0ms | Allocations: 1006)
[Webpacker] Everything's up-to-date. Nothing to do
  Rendered layout layouts/application.html.erb (Duration: 19.7ms | Allocations: 4004)
Completed 200 OK in 22ms (Views: 20.6ms | ActiveRecord: 0.0ms | Allocations: 4584)


Started POST "/users/sign_in" for 127.0.0.1 at 2021-01-07 21:24:58 -0300
Processing by Devise::SessionsController#create as HTML
  Parameters: {"authenticity_token"=>"[FILTERED]", "user"=>{"email"=>"alanbisbal@gmail.com", "password"=>"[FILTERED]", "remember_me"=>"0"}, "commit"=>"Log in"}
  [1m[36mUser Load (0.1ms)[0m  [1m[34mSELECT "users".* FROM "users" WHERE "users"."email" = ? ORDER BY "users"."id" ASC LIMIT ?[0m  [["email", "alanbisbal@gmail.com"], ["LIMIT", 1]]
Redirected to http://127.0.0.1:3000/
Completed 302 Found in 354ms (ActiveRecord: 0.1ms | Allocations: 2260)


Started GET "/" for 127.0.0.1 at 2021-01-07 21:24:58 -0300
Processing by HomeController#index as HTML
  Rendering layout layouts/application.html.erb
  Rendering home/index.html.erb within layouts/application
  [1m[36mUser Load (0.1ms)[0m  [1m[34mSELECT "users".* FROM "users" WHERE "users"."id" = ? ORDER BY "users"."id" ASC LIMIT ?[0m  [["id", 1], ["LIMIT", 1]]
  ↳ app/views/home/index.html.erb:3
  Rendered home/index.html.erb within layouts/application (Duration: 6.4ms | Allocations: 932)
[Webpacker] Everything's up-to-date. Nothing to do
  Rendered layout layouts/application.html.erb (Duration: 21.4ms | Allocations: 3924)
Completed 200 OK in 23ms (Views: 22.0ms | ActiveRecord: 0.1ms | Allocations: 4312)


Started DELETE "/users/sign_out" for 127.0.0.1 at 2021-01-07 21:25:02 -0300
Processing by Devise::SessionsController#destroy as HTML
  Parameters: {"authenticity_token"=>"[FILTERED]"}
  [1m[36mUser Load (0.1ms)[0m  [1m[34mSELECT "users".* FROM "users" WHERE "users"."id" = ? ORDER BY "users"."id" ASC LIMIT ?[0m  [["id", 1], ["LIMIT", 1]]
Redirected to http://127.0.0.1:3000/
Completed 302 Found in 15ms (ActiveRecord: 0.1ms | Allocations: 1683)


Started GET "/" for 127.0.0.1 at 2021-01-07 21:25:02 -0300
Processing by HomeController#index as HTML
  Rendering layout layouts/application.html.erb
  Rendering home/index.html.erb within layouts/application
  Rendered home/index.html.erb within layouts/application (Duration: 0.5ms | Allocations: 147)
[Webpacker] Everything's up-to-date. Nothing to do
  Rendered layout layouts/application.html.erb (Duration: 9.2ms | Allocations: 3134)
Completed 200 OK in 11ms (Views: 10.8ms | ActiveRecord: 0.0ms | Allocations: 3517)


Started GET "/users/sign_up" for 127.0.0.1 at 2021-01-07 21:25:03 -0300
Processing by Devise::RegistrationsController#new as HTML
  Rendering layout layouts/application.html.erb
  Rendering /home/alan/.rbenv/versions/2.7.1/lib/ruby/gems/2.7.0/gems/devise-4.7.3/app/views/devise/registrations/new.html.erb within layouts/application
  Rendered /home/alan/.rbenv/versions/2.7.1/lib/ruby/gems/2.7.0/gems/devise-4.7.3/app/views/devise/shared/_error_messages.html.erb (Duration: 0.1ms | Allocations: 49)
  Rendered /home/alan/.rbenv/versions/2.7.1/lib/ruby/gems/2.7.0/gems/devise-4.7.3/app/views/devise/shared/_links.html.erb (Duration: 0.3ms | Allocations: 110)
  Rendered /home/alan/.rbenv/versions/2.7.1/lib/ruby/gems/2.7.0/gems/devise-4.7.3/app/views/devise/registrations/new.html.erb within layouts/application (Duration: 9.5ms | Allocations: 1069)
[Webpacker] Everything's up-to-date. Nothing to do
  Rendered layout layouts/application.html.erb (Duration: 20.8ms | Allocations: 4070)
Completed 200 OK in 30ms (Views: 28.7ms | ActiveRecord: 0.0ms | Allocations: 4587)


Started GET "/users/sign_in" for 127.0.0.1 at 2021-01-07 21:25:05 -0300
Processing by Devise::SessionsController#new as HTML
  Rendering layout layouts/application.html.erb
  Rendering /home/alan/.rbenv/versions/2.7.1/lib/ruby/gems/2.7.0/gems/devise-4.7.3/app/views/devise/sessions/new.html.erb within layouts/application
  Rendered /home/alan/.rbenv/versions/2.7.1/lib/ruby/gems/2.7.0/gems/devise-4.7.3/app/views/devise/shared/_links.html.erb (Duration: 0.3ms | Allocations: 156)
  Rendered /home/alan/.rbenv/versions/2.7.1/lib/ruby/gems/2.7.0/gems/devise-4.7.3/app/views/devise/sessions/new.html.erb within layouts/application (Duration: 3.9ms | Allocations: 1006)
[Webpacker] Everything's up-to-date. Nothing to do
  Rendered layout layouts/application.html.erb (Duration: 16.1ms | Allocations: 4004)
Completed 200 OK in 22ms (Views: 21.4ms | ActiveRecord: 0.0ms | Allocations: 4584)


Started POST "/users/sign_in" for 127.0.0.1 at 2021-01-07 21:25:06 -0300
Processing by Devise::SessionsController#create as HTML
  Parameters: {"authenticity_token"=>"[FILTERED]", "user"=>{"email"=>"alanbisbal@gmail.com", "password"=>"[FILTERED]", "remember_me"=>"0"}, "commit"=>"Log in"}
  [1m[36mUser Load (0.1ms)[0m  [1m[34mSELECT "users".* FROM "users" WHERE "users"."email" = ? ORDER BY "users"."id" ASC LIMIT ?[0m  [["email", "alanbisbal@gmail.com"], ["LIMIT", 1]]
Redirected to http://127.0.0.1:3000/
Completed 302 Found in 362ms (ActiveRecord: 0.1ms | Allocations: 2264)


Started GET "/" for 127.0.0.1 at 2021-01-07 21:25:07 -0300
Processing by HomeController#index as HTML
  Rendering layout layouts/application.html.erb
  Rendering home/index.html.erb within layouts/application
  [1m[36mUser Load (0.1ms)[0m  [1m[34mSELECT "users".* FROM "users" WHERE "users"."id" = ? ORDER BY "users"."id" ASC LIMIT ?[0m  [["id", 1], ["LIMIT", 1]]
  ↳ app/views/home/index.html.erb:3
  Rendered home/index.html.erb within layouts/application (Duration: 5.7ms | Allocations: 932)
[Webpacker] Everything's up-to-date. Nothing to do
  Rendered layout layouts/application.html.erb (Duration: 20.7ms | Allocations: 3929)
Completed 200 OK in 22ms (Views: 21.3ms | ActiveRecord: 0.1ms | Allocations: 4318)


